//this is an auto-generated bug report
//package name: org.billthefarmer.crossword
//version: 1.0
//appro_time: 83
 java.lang.RuntimeException: An error occured while executing doInBackground()
 	at android.os.AsyncTask$3.done(AsyncTask.java:299)
 	at java.util.concurrent.FutureTask.finishCompletion(FutureTask.java:352)
 	at java.util.concurrent.FutureTask.setException(FutureTask.java:219)
 	at java.util.concurrent.FutureTask.run(FutureTask.java:239)
 	at android.os.AsyncTask$SerialExecutor$1.run(AsyncTask.java:230)
 	at java.util.concurrent.ThreadPoolExecutor.runWorker(ThreadPoolExecutor.java:1080)
 	at java.util.concurrent.ThreadPoolExecutor$Worker.run(ThreadPoolExecutor.java:573)
 	at java.lang.Thread.run(Thread.java:841)
 Caused by: java.util.regex.PatternSyntaxException: Missing closing bracket in character class near index 7:
 	at java.util.regex.Pattern.compileImpl(Native Method)
 	at java.util.regex.Pattern.compile(Pattern.java:407)
 	at java.util.regex.Pattern.<init>(Pattern.java:390)
 	at java.util.regex.Pattern.matches(Pattern.java:420)
 	at java.lang.String.matches(String.java:1755)
 	at org.billthefarmer.crossword.Data$SearchTask.doInBackground(Data.java:109)
 	at org.billthefarmer.crossword.Data$SearchTask.doInBackground(Data.java:90)
 	at android.os.AsyncTask$2.call(AsyncTask.java:287)
 	at java.util.concurrent.FutureTask.run(FutureTask.java:234)
